<?xml version="1.0" encoding="UTF-8"?>
<testsuite name="AlienController Unit Tests" tests="5" skipped="0" failures="0" errors="0" timestamp="2025-11-19T16:22:06.261Z" hostname="DE1-868.local" time="0.862">
  <properties/>
  <testcase name="Should get all aliens successfully" classname="org.pranid.kafka.controller.AlienControllerTest" time="0.774"/>
  <testcase name="Should send alien message with valid purple color" classname="org.pranid.kafka.controller.AlienControllerTest" time="0.038"/>
  <testcase name="Should handle error when sending message" classname="org.pranid.kafka.controller.AlienControllerTest" time="0.02"/>
  <testcase name="Should send alien message with valid green color" classname="org.pranid.kafka.controller.AlienControllerTest" time="0.014"/>
  <testcase name="Should reject invalid color" classname="org.pranid.kafka.controller.AlienControllerTest" time="0.013"/>
  <system-out><![CDATA[2025-11-19 17:22:06.861 [Test worker] INFO  org.hibernate.validator.internal.util.Version - HV000001: Hibernate Validator 8.0.3.Final
2025-11-19 17:22:06.997 [parallel-1] INFO  org.pranid.kafka.controller.AlienController - ]]>&#x1f47d;<![CDATA[ Fetching all aliens
2025-11-19 17:22:07.058 [parallel-2] INFO  org.pranid.kafka.controller.AlienController - ]]>&#x1f47d;<![CDATA[ Sent alien message: Klaatu (purple)
2025-11-19 17:22:07.089 [parallel-3] ERROR org.pranid.kafka.controller.AlienController - ❌ Failed to send alien message
java.lang.RuntimeException: Kafka error
	at org.pranid.kafka.producer.AlienKafkaProducer.sendAlienMessage(AlienKafkaProducer.java:21) ~[main/:?]
	at org.pranid.kafka.controller.AlienController.sendAlienMessage(AlienController.java:111) [main/:?]
	at java.base/jdk.internal.reflect.DirectMethodHandleAccessor.invoke(DirectMethodHandleAccessor.java:104) ~[?:?]
	at java.base/java.lang.reflect.Method.invoke(Method.java:565) ~[?:?]
	at org.springframework.web.reactive.result.method.InvocableHandlerMethod.lambda$invoke$0(InvocableHandlerMethod.java:208) [spring-webflux-6.2.11.jar:6.2.11]
	at reactor.core.publisher.MonoFlatMap$FlatMapMain.onNext(MonoFlatMap.java:132) [reactor-core-3.7.11.jar:3.7.11]
	at reactor.core.publisher.MonoZip$ZipCoordinator.signal(MonoZip.java:297) [reactor-core-3.7.11.jar:3.7.11]
	at reactor.core.publisher.MonoZip$ZipInner.onNext(MonoZip.java:478) [reactor-core-3.7.11.jar:3.7.11]
	at reactor.core.publisher.MonoPeekTerminal$MonoTerminalPeekSubscriber.onNext(MonoPeekTerminal.java:180) [reactor-core-3.7.11.jar:3.7.11]
	at reactor.core.publisher.FluxDefaultIfEmpty$DefaultIfEmptySubscriber.onNext(FluxDefaultIfEmpty.java:122) [reactor-core-3.7.11.jar:3.7.11]
	at reactor.core.publisher.FluxSwitchIfEmpty$SwitchIfEmptySubscriber.onNext(FluxSwitchIfEmpty.java:74) [reactor-core-3.7.11.jar:3.7.11]
	at reactor.core.publisher.Operators$ScalarSubscription.request(Operators.java:2570) [reactor-core-3.7.11.jar:3.7.11]
	at reactor.core.publisher.Operators$MultiSubscriptionSubscriber.set(Operators.java:2366) [reactor-core-3.7.11.jar:3.7.11]
	at reactor.core.publisher.Operators$MultiSubscriptionSubscriber.onSubscribe(Operators.java:2240) [reactor-core-3.7.11.jar:3.7.11]
	at reactor.core.publisher.FluxFlatMap.trySubscribeScalarMap(FluxFlatMap.java:193) [reactor-core-3.7.11.jar:3.7.11]
	at reactor.core.publisher.MonoFlatMap.subscribeOrReturn(MonoFlatMap.java:53) [reactor-core-3.7.11.jar:3.7.11]
	at reactor.core.publisher.InternalMonoOperator.subscribe(InternalMonoOperator.java:63) [reactor-core-3.7.11.jar:3.7.11]
	at reactor.core.publisher.MonoZip$ZipCoordinator.request(MonoZip.java:220) [reactor-core-3.7.11.jar:3.7.11]
	at reactor.core.publisher.MonoFlatMap$FlatMapMain.request(MonoFlatMap.java:194) [reactor-core-3.7.11.jar:3.7.11]
	at reactor.core.publisher.MonoIgnoreThen$ThenIgnoreMain.onSubscribe(MonoIgnoreThen.java:135) [reactor-core-3.7.11.jar:3.7.11]
	at reactor.core.publisher.MonoFlatMap$FlatMapMain.onSubscribe(MonoFlatMap.java:117) [reactor-core-3.7.11.jar:3.7.11]
	at reactor.core.publisher.MonoZip.subscribe(MonoZip.java:129) [reactor-core-3.7.11.jar:3.7.11]
	at reactor.core.publisher.InternalMonoOperator.subscribe(InternalMonoOperator.java:76) [reactor-core-3.7.11.jar:3.7.11]
	at reactor.core.publisher.MonoDefer.subscribe(MonoDefer.java:53) [reactor-core-3.7.11.jar:3.7.11]
	at reactor.core.publisher.MonoIgnoreThen$ThenIgnoreMain.subscribeNext(MonoIgnoreThen.java:241) [reactor-core-3.7.11.jar:3.7.11]
	at reactor.core.publisher.MonoIgnoreThen$ThenIgnoreMain.onComplete(MonoIgnoreThen.java:204) [reactor-core-3.7.11.jar:3.7.11]
	at reactor.core.publisher.MonoFlatMap$FlatMapMain.onComplete(MonoFlatMap.java:189) [reactor-core-3.7.11.jar:3.7.11]
	at reactor.core.publisher.Operators.complete(Operators.java:137) [reactor-core-3.7.11.jar:3.7.11]
	at reactor.core.publisher.MonoZip.subscribe(MonoZip.java:121) [reactor-core-3.7.11.jar:3.7.11]
	at reactor.core.publisher.Mono.subscribe(Mono.java:4576) [reactor-core-3.7.11.jar:3.7.11]
	at reactor.core.publisher.MonoIgnoreThen$ThenIgnoreMain.subscribeNext(MonoIgnoreThen.java:265) [reactor-core-3.7.11.jar:3.7.11]
	at reactor.core.publisher.MonoIgnoreThen.subscribe(MonoIgnoreThen.java:51) [reactor-core-3.7.11.jar:3.7.11]
	at reactor.core.publisher.InternalMonoOperator.subscribe(InternalMonoOperator.java:76) [reactor-core-3.7.11.jar:3.7.11]
	at reactor.core.publisher.MonoFlatMap$FlatMapMain.onNext(MonoFlatMap.java:165) [reactor-core-3.7.11.jar:3.7.11]
	at reactor.core.publisher.FluxOnErrorResume$ResumeSubscriber.onNext(FluxOnErrorResume.java:79) [reactor-core-3.7.11.jar:3.7.11]
	at reactor.core.publisher.FluxSwitchIfEmpty$SwitchIfEmptySubscriber.onNext(FluxSwitchIfEmpty.java:74) [reactor-core-3.7.11.jar:3.7.11]
	at reactor.core.publisher.MonoNext$NextSubscriber.onNext(MonoNext.java:82) [reactor-core-3.7.11.jar:3.7.11]
	at reactor.core.publisher.FluxConcatMapNoPrefetch$FluxConcatMapNoPrefetchSubscriber.innerNext(FluxConcatMapNoPrefetch.java:259) [reactor-core-3.7.11.jar:3.7.11]
	at reactor.core.publisher.FluxConcatMap$ConcatMapInner.onNext(FluxConcatMap.java:865) [reactor-core-3.7.11.jar:3.7.11]
	at reactor.core.publisher.FluxMapFuseable$MapFuseableSubscriber.onNext(FluxMapFuseable.java:129) [reactor-core-3.7.11.jar:3.7.11]
	at reactor.core.publisher.MonoPeekTerminal$MonoTerminalPeekSubscriber.onNext(MonoPeekTerminal.java:180) [reactor-core-3.7.11.jar:3.7.11]
	at reactor.core.publisher.Operators$ScalarSubscription.request(Operators.java:2570) [reactor-core-3.7.11.jar:3.7.11]
	at reactor.core.publisher.MonoPeekTerminal$MonoTerminalPeekSubscriber.request(MonoPeekTerminal.java:139) [reactor-core-3.7.11.jar:3.7.11]
	at reactor.core.publisher.FluxMapFuseable$MapFuseableSubscriber.request(FluxMapFuseable.java:171) [reactor-core-3.7.11.jar:3.7.11]
	at reactor.core.publisher.Operators$MultiSubscriptionSubscriber.request(Operators.java:2330) [reactor-core-3.7.11.jar:3.7.11]
	at reactor.core.publisher.FluxConcatMapNoPrefetch$FluxConcatMapNoPrefetchSubscriber.request(FluxConcatMapNoPrefetch.java:339) [reactor-core-3.7.11.jar:3.7.11]
	at reactor.core.publisher.MonoNext$NextSubscriber.request(MonoNext.java:108) [reactor-core-3.7.11.jar:3.7.11]
	at reactor.core.publisher.Operators$MultiSubscriptionSubscriber.set(Operators.java:2366) [reactor-core-3.7.11.jar:3.7.11]
	at reactor.core.publisher.Operators$MultiSubscriptionSubscriber.onSubscribe(Operators.java:2240) [reactor-core-3.7.11.jar:3.7.11]
	at reactor.core.publisher.MonoNext$NextSubscriber.onSubscribe(MonoNext.java:70) [reactor-core-3.7.11.jar:3.7.11]
	at reactor.core.publisher.FluxConcatMapNoPrefetch$FluxConcatMapNoPrefetchSubscriber.onSubscribe(FluxConcatMapNoPrefetch.java:164) [reactor-core-3.7.11.jar:3.7.11]
	at reactor.core.publisher.FluxIterable.subscribe(FluxIterable.java:201) [reactor-core-3.7.11.jar:3.7.11]
	at reactor.core.publisher.FluxIterable.subscribe(FluxIterable.java:83) [reactor-core-3.7.11.jar:3.7.11]
	at reactor.core.publisher.InternalMonoOperator.subscribe(InternalMonoOperator.java:76) [reactor-core-3.7.11.jar:3.7.11]
	at reactor.core.publisher.MonoDefer.subscribe(MonoDefer.java:53) [reactor-core-3.7.11.jar:3.7.11]
	at reactor.core.publisher.Mono.subscribe(Mono.java:4576) [reactor-core-3.7.11.jar:3.7.11]
	at reactor.core.publisher.MonoIgnoreThen$ThenIgnoreMain.subscribeNext(MonoIgnoreThen.java:265) [reactor-core-3.7.11.jar:3.7.11]
	at reactor.core.publisher.MonoIgnoreThen.subscribe(MonoIgnoreThen.java:51) [reactor-core-3.7.11.jar:3.7.11]
	at reactor.core.publisher.Mono.subscribe(Mono.java:4576) [reactor-core-3.7.11.jar:3.7.11]
	at reactor.core.publisher.Mono.subscribeWith(Mono.java:4641) [reactor-core-3.7.11.jar:3.7.11]
	at reactor.core.publisher.Mono.subscribe(Mono.java:4542) [reactor-core-3.7.11.jar:3.7.11]
	at reactor.core.publisher.Mono.subscribe(Mono.java:4478) [reactor-core-3.7.11.jar:3.7.11]
	at org.springframework.test.web.reactive.server.HttpHandlerConnector.lambda$doConnect$2(HttpHandlerConnector.java:100) [spring-test-6.2.11.jar:6.2.11]
	at org.springframework.mock.http.client.reactive.MockClientHttpRequest.lambda$writeWith$2(MockClientHttpRequest.java:128) [spring-test-6.2.11.jar:6.2.11]
	at reactor.core.publisher.MonoDefer.subscribe(MonoDefer.java:45) [reactor-core-3.7.11.jar:3.7.11]
	at reactor.core.publisher.Mono.subscribe(Mono.java:4576) [reactor-core-3.7.11.jar:3.7.11]
	at reactor.core.publisher.FluxConcatIterable$ConcatIterableSubscriber.onComplete(FluxConcatIterable.java:148) [reactor-core-3.7.11.jar:3.7.11]
	at reactor.core.publisher.FluxConcatIterable.subscribe(FluxConcatIterable.java:60) [reactor-core-3.7.11.jar:3.7.11]
	at reactor.core.publisher.Mono.subscribe(Mono.java:4576) [reactor-core-3.7.11.jar:3.7.11]
	at reactor.core.publisher.Mono.subscribeWith(Mono.java:4641) [reactor-core-3.7.11.jar:3.7.11]
	at reactor.core.publisher.Mono.subscribe(Mono.java:4542) [reactor-core-3.7.11.jar:3.7.11]
	at reactor.core.publisher.Mono.subscribe(Mono.java:4478) [reactor-core-3.7.11.jar:3.7.11]
	at org.springframework.test.web.reactive.server.HttpHandlerConnector.doConnect(HttpHandlerConnector.java:114) [spring-test-6.2.11.jar:6.2.11]
	at org.springframework.test.web.reactive.server.HttpHandlerConnector.lambda$connect$0(HttpHandlerConnector.java:81) [spring-test-6.2.11.jar:6.2.11]
	at reactor.core.publisher.MonoDefer.subscribe(MonoDefer.java:45) [reactor-core-3.7.11.jar:3.7.11]
	at reactor.core.publisher.Mono.subscribe(Mono.java:4576) [reactor-core-3.7.11.jar:3.7.11]
	at reactor.core.publisher.MonoSubscribeOn$SubscribeOnSubscriber.run(MonoSubscribeOn.java:126) [reactor-core-3.7.11.jar:3.7.11]
	at reactor.core.scheduler.WorkerTask.call(WorkerTask.java:84) [reactor-core-3.7.11.jar:3.7.11]
	at reactor.core.scheduler.WorkerTask.call(WorkerTask.java:37) [reactor-core-3.7.11.jar:3.7.11]
	at java.base/java.util.concurrent.FutureTask.run(FutureTask.java:328) [?:?]
	at java.base/java.util.concurrent.ScheduledThreadPoolExecutor$ScheduledFutureTask.run(ScheduledThreadPoolExecutor.java:309) [?:?]
	at java.base/java.util.concurrent.ThreadPoolExecutor.runWorker(ThreadPoolExecutor.java:1090) [?:?]
	at java.base/java.util.concurrent.ThreadPoolExecutor$Worker.run(ThreadPoolExecutor.java:614) [?:?]
	at java.base/java.lang.Thread.run(Thread.java:1474) [?:?]
2025-11-19 17:22:07.108 [parallel-4] INFO  org.pranid.kafka.controller.AlienController - ]]>&#x1f47d;<![CDATA[ Sent alien message: Zorg (green)
]]></system-out>
  <system-err><![CDATA[Mockito is currently self-attaching to enable the inline-mock-maker. This will no longer work in future releases of the JDK. Please add Mockito as an agent to your build as described in Mockito's documentation: https://javadoc.io/doc/org.mockito/mockito-core/latest/org.mockito/org/mockito/Mockito.html#0.3
WARNING: A Java agent has been loaded dynamically (/Users/praneethnidarshan/.gradle/caches/modules-2/files-2.1/net.bytebuddy/byte-buddy-agent/1.17.7/fbf3d6d649ed37fc9e9c59480a05be0a26e3c2da/byte-buddy-agent-1.17.7.jar)
WARNING: If a serviceability tool is in use, please run with -XX:+EnableDynamicAgentLoading to hide this warning
WARNING: If a serviceability tool is not in use, please run with -Djdk.instrument.traceUsage for more information
WARNING: Dynamic loading of agents will be disallowed by default in a future release
SLF4J(W): Class path contains multiple SLF4J providers.
SLF4J(W): Found provider [org.apache.logging.slf4j.SLF4JServiceProvider@2d5ef498]
SLF4J(W): Found provider [ch.qos.logback.classic.spi.LogbackServiceProvider@95eb320]
SLF4J(W): See https://www.slf4j.org/codes.html#multiple_bindings for an explanation.
SLF4J(I): Actual provider is of type [org.apache.logging.slf4j.SLF4JServiceProvider@2d5ef498]
]]></system-err>
</testsuite>
