<?xml version="1.0" encoding="UTF-8"?>
<testsuite name="PersonService Unit Tests" tests="6" skipped="0" failures="0" errors="0" timestamp="2025-11-19T16:22:07.264Z" hostname="DE1-868.local" time="0.015">
  <properties/>
  <testcase name="Should get person by ID successfully" classname="org.pranid.kafka.service.PersonServiceTest" time="0.011"/>
  <testcase name="Should get all persons successfully" classname="org.pranid.kafka.service.PersonServiceTest" time="0.0"/>
  <testcase name="Should delete person by ID successfully" classname="org.pranid.kafka.service.PersonServiceTest" time="0.001"/>
  <testcase name="Should create person successfully" classname="org.pranid.kafka.service.PersonServiceTest" time="0.001"/>
  <testcase name="Should update person successfully" classname="org.pranid.kafka.service.PersonServiceTest" time="0.0"/>
  <testcase name="Should handle error when person not found" classname="org.pranid.kafka.service.PersonServiceTest" time="0.001"/>
  <system-out><![CDATA[]]></system-out>
  <system-err><![CDATA[]]></system-err>
</testsuite>
